  Skipping CUDA source file ..\..\download\CUDA_study-master\Sum_Matrix\sum_martix.cu (excluded from build).
  Skipping CUDA source file ostu_gpu.cu (excluded from build).
  Skipping CUDA source file his2gram.cu (excluded from build).
  Compiling CUDA source file ostu_gpu2.cu...
  Skipping CUDA source file test.cu (excluded from build).
  
  D:\project\image_segment_with_cuda>"C:\Program Files\NVIDIA GPU Computing Toolkit\CUDA\v11.1\bin\nvcc.exe" -gencode=arch=compute_52,code=\"sm_52,compute_52\" --use-local-env -ccbin "C:\Program Files (x86)\Microsoft Visual Studio\2019\Community\VC\Tools\MSVC\14.28.29333\bin\HostX86\x64" -x cu   -I"C:\Program Files\NVIDIA GPU Computing Toolkit\CUDA\v11.1\include" -I"C:\Program Files\NVIDIA GPU Computing Toolkit\CUDA\v11.1\include"  -G   --keep-dir x64\Debug -maxrregcount=0  --machine 64 --compile -cudart static  -g   -D_DEBUG -D_CONSOLE -D_UNICODE -DUNICODE -Xcompiler "/EHsc /W3 /nologo /Od /Fdx64\Debug\vc142.pdb /FS /Zi /RTC1 /MDd " -o x64\Debug\ostu_gpu2.cu.obj "D:\project\image_segment_with_cuda\ostu_gpu2.cu" 
  device_functions.h is an internal header file and must not be used directly.  This file will be removed in a future CUDA release.  Please use cuda_runtime_api.h or cuda_runtime.h instead.
D:\develop\opencv\opencv430\build\include\opencv2/stitching/detail/warpers.hpp(213): warning : overloaded virtual function "cv::detail::PlaneWarper::buildMaps" is only partially overridden in class "cv::detail::AffineWarper"
  
D:\develop\opencv\opencv430\build\include\opencv2/stitching/detail/warpers.hpp(213): warning : overloaded virtual function "cv::detail::PlaneWarper::warp" is only partially overridden in class "cv::detail::AffineWarper"
  
D:\develop\opencv\opencv430\build\include\opencv2/stitching/detail/blenders.hpp(100): warning : overloaded virtual function "cv::detail::Blender::prepare" is only partially overridden in class "cv::detail::FeatherBlender"
  
D:\develop\opencv\opencv430\build\include\opencv2/stitching/detail/blenders.hpp(127): warning : overloaded virtual function "cv::detail::Blender::prepare" is only partially overridden in class "cv::detail::MultiBandBlender"
  
D:\develop\opencv\opencv430\build\include\opencv2/stitching/detail/warpers.hpp(213): warning : overloaded virtual function "cv::detail::PlaneWarper::buildMaps" is only partially overridden in class "cv::detail::AffineWarper"
  
D:\develop\opencv\opencv430\build\include\opencv2/stitching/detail/warpers.hpp(213): warning : overloaded virtual function "cv::detail::PlaneWarper::warp" is only partially overridden in class "cv::detail::AffineWarper"
  
D:\develop\opencv\opencv430\build\include\opencv2/stitching/detail/blenders.hpp(100): warning : overloaded virtual function "cv::detail::Blender::prepare" is only partially overridden in class "cv::detail::FeatherBlender"
  
D:\develop\opencv\opencv430\build\include\opencv2/stitching/detail/blenders.hpp(127): warning : overloaded virtual function "cv::detail::Blender::prepare" is only partially overridden in class "cv::detail::MultiBandBlender"
  
  ostu_gpu2.cu
  device_functions.h is an internal header file and must not be used directly.  This file will be removed in a future CUDA release.  Please use cuda_runtime_api.h or cuda_runtime.h instead.
D:/project/image_segment_with_cuda/ostu_gpu2.cu(152): warning C4244: “+=”: 从“float”转换到“long”，可能丢失数据
D:/project/image_segment_with_cuda/ostu_gpu2.cu(153): warning C4244: “+=”: 从“float”转换到“long”，可能丢失数据
D:/project/image_segment_with_cuda/ostu_gpu2.cu(158): warning C4244: “+=”: 从“float”转换到“long”，可能丢失数据
D:/project/image_segment_with_cuda/ostu_gpu2.cu(159): warning C4244: “+=”: 从“float”转换到“long”，可能丢失数据
  image_segment_with_cuda.vcxproj -> D:\project\image_segment_with_cuda\x64\Debug\image_segment_with_cuda.exe
